0 info it worked if it ends with ok
1 verbose cli [ 'node', '/usr/local/bin/npm', 'install', 'redcarpet' ]
2 info using npm@1.2.0
3 info using node@v0.8.14
4 verbose read json /Users/pkhan/Desktop/Nawaz/Outside/SkipTo/package.json
5 verbose read json /Users/pkhan/Desktop/Nawaz/Outside/SkipTo/node_modules/grunt/package.json
6 verbose read json /Users/pkhan/Desktop/Nawaz/Outside/SkipTo/node_modules/grunt-contrib-clean/package.json
7 verbose read json /Users/pkhan/Desktop/Nawaz/Outside/SkipTo/node_modules/grunt-contrib-compress/package.json
8 verbose read json /Users/pkhan/Desktop/Nawaz/Outside/SkipTo/node_modules/grunt-contrib-concat/package.json
9 verbose read json /Users/pkhan/Desktop/Nawaz/Outside/SkipTo/node_modules/grunt-contrib-copy/package.json
10 verbose read json /Users/pkhan/Desktop/Nawaz/Outside/SkipTo/node_modules/grunt-contrib-jshint/package.json
11 verbose read json /Users/pkhan/Desktop/Nawaz/Outside/SkipTo/node_modules/grunt-contrib-less/package.json
12 verbose read json /Users/pkhan/Desktop/Nawaz/Outside/SkipTo/node_modules/grunt-contrib-uglify/package.json
13 verbose read json /Users/pkhan/Desktop/Nawaz/Outside/SkipTo/node_modules/grunt-replace/package.json
14 verbose read json /Users/pkhan/Desktop/Nawaz/Outside/SkipTo/node_modules/jshint/package.json
15 verbose read json /Users/pkhan/Desktop/Nawaz/Outside/SkipTo/node_modules/less/package.json
16 verbose read json /Users/pkhan/Desktop/Nawaz/Outside/SkipTo/node_modules/uglify-js/package.json
17 verbose read json /Users/pkhan/Desktop/Nawaz/Outside/SkipTo/package.json
18 verbose cache add [ 'redcarpet', null ]
19 silly cache add name=undefined spec="redcarpet" args=["redcarpet",null]
20 verbose parsed url { pathname: 'redcarpet', path: 'redcarpet', href: 'redcarpet' }
21 silly lockFile 39b42682-redcarpet redcarpet
22 verbose lock redcarpet /Users/pkhan/.npm/39b42682-redcarpet.lock
23 silly lockFile 39b42682-redcarpet redcarpet
24 verbose addNamed [ 'redcarpet', '' ]
25 verbose addNamed [ null, '' ]
26 silly lockFile 692f69c4-redcarpet redcarpet@
27 verbose lock redcarpet@ /Users/pkhan/.npm/692f69c4-redcarpet.lock
28 silly addNameRange { name: 'redcarpet', range: '', hasData: false }
29 verbose url raw redcarpet
30 verbose url resolving [ 'https://registry.npmjs.org/', './redcarpet' ]
31 verbose url resolved https://registry.npmjs.org/redcarpet
32 info trying registry request attempt 1 at 14:01:48
33 http GET https://registry.npmjs.org/redcarpet
34 http 404 https://registry.npmjs.org/redcarpet
35 silly registry.get cb [ 404,
35 silly registry.get   { server: 'CouchDB/1.3.0 (Erlang OTP/R15B03)',
35 silly registry.get     date: 'Mon, 17 Jun 2013 08:31:28 GMT',
35 silly registry.get     'content-type': 'application/json',
35 silly registry.get     'content-length': '52',
35 silly registry.get     'cache-control': 'must-revalidate' } ]
36 silly lockFile 692f69c4-redcarpet redcarpet@
37 error 404 'redcarpet' is not in the npm registry.
37 error 404 You should bug the author to publish it
37 error 404
37 error 404 Note that you can also install from a
37 error 404 tarball, folder, or http url, or git url.
38 error System Darwin 12.4.0
39 error command "node" "/usr/local/bin/npm" "install" "redcarpet"
40 error cwd /Users/pkhan/Desktop/Nawaz/Outside/SkipTo
41 error node -v v0.8.14
42 error npm -v 1.2.0
43 error code E404
44 verbose exit [ 1, true ]
